<!DOCTYPE suite SYSTEM "https://testng.org/testng-1.0.dtd" >

<suite name="Smoke Automation Test" verbose="1" >

    <test name="Login Test" >
        <classes>
            <class name="com.automation.test.LoginTest" >
                <methods>
                    <exclude name="thirdTest" />
                </methods>
            </class>
        </classes>
    </test>

    <!--    Module Product Listing Page    -->
    <test name="Product Listing Page Test">
        <classes>
            <class name="com.automation.test.ProductListingPageTest"/>
        </classes>
    </test>

</suite>